<?xml version="1.0" encoding="utf-8"?><testsuites name="pytest tests"><testsuite name="pytest" errors="0" failures="0" skipped="0" tests="15" time="2.931" timestamp="2026-05-03T10:26:16.053133+00:00" hostname="agent-env-757c8b60-7d24-4ec6-ba3b-671432bc33da"><testcase classname="backend.tests.test_qm_api.TestCategories" name="test_list_categories" time="0.185" /><testcase classname="backend.tests.test_qm_api.TestProducts" name="test_total_products_52" time="0.056" /><testcase classname="backend.tests.test_qm_api.TestProducts" name="test_product_schema" time="0.052" /><testcase classname="backend.tests.test_qm_api.TestProducts" name="test_filter_fasteners" time="0.046" /><testcase classname="backend.tests.test_qm_api.TestProducts" name="test_filter_pipes" time="0.046" /><testcase classname="backend.tests.test_qm_api.TestProducts" name="test_filter_flanges" time="0.043" /><testcase classname="backend.tests.test_qm_api.TestProducts" name="test_featured" time="0.046" /><testcase classname="backend.tests.test_qm_api.TestStaticImages" name="test_serve_pipes_image" time="0.104" /><testcase classname="backend.tests.test_qm_api.TestStaticImages" name="test_serve_all_category_images" time="0.580" /><testcase classname="backend.tests.test_qm_api.TestAuth" name="test_login_ok" time="0.273" /><testcase classname="backend.tests.test_qm_api.TestUpload" name="test_upload_anonymous_401" time="0.115" /><testcase classname="backend.tests.test_qm_api.TestUpload" name="test_upload_invalid_type_400" time="0.377" /><testcase classname="backend.tests.test_qm_api.TestUpload" name="test_upload_too_large_413" time="0.432" /><testcase classname="backend.tests.test_qm_api.TestUpload" name="test_upload_success_returns_url" time="0.245" /><testcase classname="backend.tests.test_qm_api.TestProductCRUD" name="test_create_update_delete" time="0.234" /></testsuite></testsuites>