<?xml version="1.0" encoding="utf-8"?><testsuites name="pytest tests"><testsuite name="pytest" errors="0" failures="1" skipped="0" tests="23" time="4.376" timestamp="2026-05-03T08:38:08.772517+00:00" hostname="agent-env-757c8b60-7d24-4ec6-ba3b-671432bc33da"><testcase classname="backend.tests.test_api.TestHealth" name="test_root" time="0.231" /><testcase classname="backend.tests.test_api.TestPublic" name="test_categories" time="0.050" /><testcase classname="backend.tests.test_api.TestPublic" name="test_products_all" time="0.048" /><testcase classname="backend.tests.test_api.TestPublic" name="test_products_filter_category" time="0.047" /><testcase classname="backend.tests.test_api.TestPublic" name="test_products_filter_featured" time="0.047" /><testcase classname="backend.tests.test_api.TestPublic" name="test_get_product_by_id" time="0.099" /><testcase classname="backend.tests.test_api.TestPublic" name="test_get_product_not_found" time="0.046" /><testcase classname="backend.tests.test_api.TestInquiryPublic" name="test_create_inquiry" time="0.051" /><testcase classname="backend.tests.test_api.TestAuth" name="test_login_success" time="0.270" /><testcase classname="backend.tests.test_api.TestAuth" name="test_me_with_bearer" time="0.321" /><testcase classname="backend.tests.test_api.TestAuth" name="test_me_without_auth" time="0.146" /><testcase classname="backend.tests.test_api.TestAuth" name="test_login_wrong_password" time="0.152" /><testcase classname="backend.tests.test_api.TestBruteForce" name="test_lockout_after_5_failures" time="0.347"><failure message="AssertionError: Expected 429 lockout, got [401, 401, 401, 401, 401, 401]&#10;assert 401 == 429">backend/tests/test_api.py:177: in test_lockout_after_5_failures
    assert status_codes[-1] == 429, f"Expected 429 lockout, got {status_codes}"
E   AssertionError: Expected 429 lockout, got [401, 401, 401, 401, 401, 401]
E   assert 401 == 429</failure></testcase><testcase classname="backend.tests.test_api.TestAdminProtection" name="test_requires_auth[POST-/products-body0]" time="0.141" /><testcase classname="backend.tests.test_api.TestAdminProtection" name="test_requires_auth[PUT-/products/fake-id-body1]" time="0.101" /><testcase classname="backend.tests.test_api.TestAdminProtection" name="test_requires_auth[DELETE-/products/fake-id-None]" time="0.109" /><testcase classname="backend.tests.test_api.TestAdminProtection" name="test_requires_auth[GET-/inquiries-None]" time="0.134" /><testcase classname="backend.tests.test_api.TestAdminProtection" name="test_requires_auth[PATCH-/inquiries/fake-id-body4]" time="0.152" /><testcase classname="backend.tests.test_api.TestAdminProtection" name="test_requires_auth[DELETE-/inquiries/fake-id-None]" time="0.104" /><testcase classname="backend.tests.test_api.TestAdminProtection" name="test_requires_auth[GET-/admin/stats-None]" time="0.103" /><testcase classname="backend.tests.test_api.TestAdminProductCRUD" name="test_full_crud_flow" time="0.722" /><testcase classname="backend.tests.test_api.TestAdminInquiries" name="test_list_and_update_status" time="0.637" /><testcase classname="backend.tests.test_api.TestAdminStats" name="test_stats_shape" time="0.120" /></testsuite></testsuites>